2022-02-10 13:20:34 INFO  ProjectStartupHandler.runActivity(74) - ---------- Project opened ----------
2022-02-10 13:20:34 INFO  ProjectStartupHandler.runActivity(75) - ---------- Version 3.56 ----------

2022-02-10 13:20:34 INFO  ProjectStartupHandler.setAutoscrolls(346) - Autoscrolls successfully set
2022-02-10 13:20:34 INFO  ApacheHttpClient.isSessionAppropriateWithSecretKey(589) - The session is not set in the property file.
2022-02-10 13:20:34 INFO  ApacheHttpClient.logout(633) - Waiting for server response.
2022-02-10 13:20:48 INFO  ApacheHttpClient.login(250) - Waiting for server response.
2022-02-10 13:20:48 INFO  ApacheHttpClient.login(254) - responseCode = 200
2022-02-10 13:20:48 INFO  ApacheHttpClient.login(277) - JSESSIONID OK
2022-02-10 13:20:48 INFO  ApacheHttpClient.refreshUserInfo(305) - responseCode = 200
2022-02-10 13:20:48 INFO  ApacheHttpClient.refreshUserInfo(311) - User information received.
2022-02-10 13:20:48 INFO  ApacheHttpClient.startGA(36) - GAService started.
2022-02-10 13:21:15 INFO  ApacheHttpClient.getWebResourceAsStream(502) - responseCode = 200
2022-02-10 13:21:17 INFO  ApacheHttpClient.getFilteredTasks(336) - responseCode = 200
2022-02-10 13:21:23 INFO  ApacheHttpClient.getFilteredTasks(336) - responseCode = 200
2022-02-10 13:21:28 INFO  ApacheHttpClient.getFilteredTasks(336) - responseCode = 200
2022-02-10 13:21:31 INFO  ApacheHttpClient.getTaskTemplateInfo(353) - responseCode = 200
2022-02-10 13:21:31 INFO  TaskInfoSelectorMouseListener.createDirectoryRecursive(77) - File created :D:/project (1)/JavaRushTasks/JavaRushTasks/JavaRushTasks/4.JavaCollections/src/com
2022-02-10 13:21:31 INFO  TaskInfoSelectorMouseListener.createDirectoryRecursive(77) - File created :D:/project (1)/JavaRushTasks/JavaRushTasks/JavaRushTasks/4.JavaCollections/src/com/javarush
2022-02-10 13:21:31 INFO  TaskInfoSelectorMouseListener.createDirectoryRecursive(77) - File created :D:/project (1)/JavaRushTasks/JavaRushTasks/JavaRushTasks/4.JavaCollections/src/com/javarush/task
2022-02-10 13:21:31 INFO  TaskInfoSelectorMouseListener.createDirectoryRecursive(77) - File created :D:/project (1)/JavaRushTasks/JavaRushTasks/JavaRushTasks/4.JavaCollections/src/com/javarush/task/task26
2022-02-10 13:21:31 INFO  TaskInfoSelectorMouseListener.createDirectoryRecursive(77) - File created :D:/project (1)/JavaRushTasks/JavaRushTasks/JavaRushTasks/4.JavaCollections/src/com/javarush/task/task26/task2613
2022-02-10 13:21:31 INFO  TaskInfoSelectorMouseListener.createDirectoryRecursive(77) - File created :D:/project (1)/JavaRushTasks/JavaRushTasks/JavaRushTasks/4.JavaCollections/src/com/javarush/task/task26/task2613/command
2022-02-10 13:21:31 INFO  TaskInfoSelectorMouseListener.createDirectoryRecursive(77) - File created :D:/project (1)/JavaRushTasks/JavaRushTasks/JavaRushTasks/4.JavaCollections/src/com/javarush/task/task26/task2613/exception
